<?xml version="1.0" encoding="UTF-8"?>
<robot generator="Robot 7.2.2 (Python 3.12.8 on win32)" generated="2025-02-11T10:42:35.000313" rpa="false" schemaversion="5">
<suite id="s1" name="Test3" source="C:\Users\CLASSROOM\Downloads\test3\test3.robot">
<test id="s1-t1" name="Remove Product From Cart" line="12">
<kw name="Open Browser" owner="SeleniumLibrary">
<msg time="2025-02-11T10:42:35.177407" level="INFO">Opening browser 'Chrome' to base url 'http://automationexercise.com'.</msg>
<arg>${URL}</arg>
<arg>${BROWSER}</arg>
<doc>Opens a new browser instance to the optional ``url``.</doc>
<status status="PASS" start="2025-02-11T10:42:35.176370" elapsed="4.197018"/>
</kw>
<kw name="Get Title" owner="SeleniumLibrary">
<msg time="2025-02-11T10:42:39.377902" level="INFO">${title} = Automation Exercise</msg>
<var>${title}</var>
<doc>Returns the title of the current page.</doc>
<status status="PASS" start="2025-02-11T10:42:39.374380" elapsed="0.003522"/>
</kw>
<kw name="Should Contain" owner="BuiltIn">
<arg>${title}</arg>
<arg>Automation Exercise</arg>
<doc>Fails if ``container`` does not contain ``item`` one or more times.</doc>
<status status="PASS" start="2025-02-11T10:42:39.378903" elapsed="0.000000"/>
</kw>
<kw name="Log" owner="BuiltIn">
<msg time="2025-02-11T10:42:39.378903" level="INFO">✅ หน้าแรกสำเร็จ</msg>
<arg>✅ หน้าแรกสำเร็จ</arg>
<doc>Logs the given message with the given level.</doc>
<status status="PASS" start="2025-02-11T10:42:39.378903" elapsed="0.000000"/>
</kw>
<kw name="Execute Javascript" owner="SeleniumLibrary">
<msg time="2025-02-11T10:42:39.378903" level="INFO">Executing JavaScript:
var ads = document.querySelectorAll('iframe'); ads.forEach(ad =&gt; ad.remove());
Without any arguments.</msg>
<arg>var ads = document.querySelectorAll('iframe'); ads.forEach(ad =&gt; ad.remove());</arg>
<doc>Executes the given JavaScript code with possible arguments.</doc>
<status status="PASS" start="2025-02-11T10:42:39.378903" elapsed="0.006981"/>
</kw>
<kw name="Sleep" owner="BuiltIn">
<msg time="2025-02-11T10:42:41.387797" level="INFO">Slept 2 seconds.</msg>
<arg>2s</arg>
<doc>Pauses the test executed for the given time.</doc>
<status status="PASS" start="2025-02-11T10:42:39.385884" elapsed="2.001913"/>
</kw>
<kw name="Get WebElement" owner="SeleniumLibrary">
<msg time="2025-02-11T10:42:41.404548" level="INFO">${element} = &lt;selenium.webdriver.remote.webelement.WebElement (session="b0ce551178741bab756a1d7a4f2caa6e", element="f.B401B417CD60D970F10D3F10AFCE1FD7.d.FFA84AF09C61418FDC8F8DBB6512BFDA.e.43")&gt;</msg>
<var>${element}</var>
<arg>${ADD_TO_CART_BTN}</arg>
<doc>Returns the first WebElement matching the given ``locator``.</doc>
<status status="PASS" start="2025-02-11T10:42:41.388746" elapsed="0.015802"/>
</kw>
<kw name="Execute Javascript" owner="SeleniumLibrary">
<msg time="2025-02-11T10:42:41.405546" level="INFO">Executing JavaScript:
arguments[0].dispatchEvent(new Event('click'));
By using argument:
'&lt;selenium.webdriver.remote.webelement.WebElement (session="b0ce551178741bab756a1d7a4f2caa6e", element="f.B401B417CD60D970F10D3F10AFCE1FD7.d.FFA84AF09C61418FDC8F8DBB6512BFDA.e.43")&gt;'</msg>
<arg>arguments[0].dispatchEvent(new Event('click'));</arg>
<arg>ARGUMENTS</arg>
<arg>${element}</arg>
<doc>Executes the given JavaScript code with possible arguments.</doc>
<status status="PASS" start="2025-02-11T10:42:41.405546" elapsed="0.005808"/>
</kw>
<kw name="Sleep" owner="BuiltIn">
<msg time="2025-02-11T10:42:43.411535" level="INFO">Slept 2 seconds.</msg>
<arg>2s</arg>
<doc>Pauses the test executed for the given time.</doc>
<status status="PASS" start="2025-02-11T10:42:41.411354" elapsed="2.000181"/>
</kw>
<kw name="Run Keyword And Ignore Error" owner="BuiltIn">
<kw name="Click Button" owner="SeleniumLibrary">
<msg time="2025-02-11T10:42:43.414582" level="INFO">Clicking button '//button[text()='Continue Shopping']'.</msg>
<arg>//button[text()='Continue Shopping']</arg>
<doc>Clicks the button identified by ``locator``.</doc>
<status status="PASS" start="2025-02-11T10:42:43.413581" elapsed="0.068768"/>
</kw>
<arg>Click Button</arg>
<arg>//button[text()='Continue Shopping']</arg>
<doc>Runs the given keyword with the given arguments and ignores possible error.</doc>
<status status="PASS" start="2025-02-11T10:42:43.413581" elapsed="0.068768"/>
</kw>
<kw name="Log" owner="BuiltIn">
<msg time="2025-02-11T10:42:43.483347" level="INFO">✅ เพิ่มสินค้าลงตะกร้า</msg>
<arg>✅ เพิ่มสินค้าลงตะกร้า</arg>
<doc>Logs the given message with the given level.</doc>
<status status="PASS" start="2025-02-11T10:42:43.482349" elapsed="0.000998"/>
</kw>
<kw name="Click Element" owner="SeleniumLibrary">
<msg time="2025-02-11T10:42:43.483347" level="INFO">Clicking element '//a[@href='/view_cart']'.</msg>
<arg>${CART_BTN}</arg>
<doc>Click the element identified by ``locator``.</doc>
<status status="PASS" start="2025-02-11T10:42:43.483347" elapsed="0.937459"/>
</kw>
<kw name="Sleep" owner="BuiltIn">
<msg time="2025-02-11T10:42:46.422203" level="INFO">Slept 2 seconds.</msg>
<arg>2s</arg>
<doc>Pauses the test executed for the given time.</doc>
<status status="PASS" start="2025-02-11T10:42:44.421805" elapsed="2.000398"/>
</kw>
<kw name="Page Should Contain" owner="SeleniumLibrary">
<msg time="2025-02-11T10:42:46.442664" level="INFO">Current page contains text 'Shopping Cart'.</msg>
<arg>Shopping Cart</arg>
<doc>Verifies that current page contains ``text``.</doc>
<status status="PASS" start="2025-02-11T10:42:46.423204" elapsed="0.019460"/>
</kw>
<kw name="Log" owner="BuiltIn">
<msg time="2025-02-11T10:42:46.443661" level="INFO">✅ หน้าตะกร้า</msg>
<arg>✅ หน้าตะกร้า</arg>
<doc>Logs the given message with the given level.</doc>
<status status="PASS" start="2025-02-11T10:42:46.443661" elapsed="0.000000"/>
</kw>
<kw name="Click Element" owner="SeleniumLibrary">
<msg time="2025-02-11T10:42:46.444661" level="INFO">Clicking element '//a[@class='cart_quantity_delete']'.</msg>
<arg>${REMOVE_BTN}</arg>
<doc>Click the element identified by ``locator``.</doc>
<status status="PASS" start="2025-02-11T10:42:46.443661" elapsed="0.047870"/>
</kw>
<kw name="Sleep" owner="BuiltIn">
<msg time="2025-02-11T10:42:49.492723" level="INFO">Slept 3 seconds.</msg>
<arg>3s</arg>
<doc>Pauses the test executed for the given time.</doc>
<status status="PASS" start="2025-02-11T10:42:46.492527" elapsed="3.000196"/>
</kw>
<kw name="Close Browser" owner="SeleniumLibrary">
<doc>Closes the current browser.</doc>
<status status="PASS" start="2025-02-11T10:42:49.492723" elapsed="2.148193"/>
</kw>
<status status="PASS" start="2025-02-11T10:42:35.176370" elapsed="16.465543"/>
</test>
<status status="PASS" start="2025-02-11T10:42:35.001275" elapsed="16.641684"/>
</suite>
<statistics>
<total>
<stat pass="1" fail="0" skip="0">All Tests</stat>
</total>
<tag>
</tag>
<suite>
<stat name="Test3" id="s1" pass="1" fail="0" skip="0">Test3</stat>
</suite>
</statistics>
<errors>
</errors>
</robot>
